<?xml version="1.0" encoding="UTF-8"?>
<!-- Generated by org.testng.reporters.JUnitReportReporter -->
<testsuite hostname="DESKTOP-6LP9VSB" failures="0" tests="1" name="runner.TestRunner" time="9.498" errors="0" timestamp="2023-11-04T18:46:14 EDT" skipped="0">
  <testcase classname="runner.TestRunner" name="runScenario" time="9.498"/>
</testsuite> <!-- runner.TestRunner -->
